This file contains any messages produced by compilers while
running configure, to aid debugging if configure makes a mistake.

It was created by stjerm configure 0.11.8.20090224, which was
generated by GNU Autoconf 2.63.  Invocation command line was

  $ ./configure --no-create --no-recursion

## --------- ##
## Platform. ##
## --------- ##

hostname = Compy
uname -m = i686
uname -r = 2.6.27.19-170.2.35.fc10.i686
uname -s = Linux
uname -v = #1 SMP Mon Feb 23 13:21:22 EST 2009

/usr/bin/uname -p = unknown
/bin/uname -X     = unknown

/bin/arch              = i686
/usr/bin/arch -k       = unknown
/usr/convex/getsysinfo = unknown
/usr/bin/hostinfo      = unknown
/bin/machine           = unknown
/usr/bin/oslevel       = unknown
/bin/universe          = unknown

PATH: /home/thomas/bin
PATH: /home/thomas/bin
PATH: /home/thomas/bin
PATH: /usr/lib/qt-3.3/bin
PATH: /usr/kerberos/bin
PATH: /usr/local/bin
PATH: /usr/bin
PATH: /bin
PATH: /usr/local/sbin
PATH: /usr/sbin
PATH: /sbin


## ----------- ##
## Core tests. ##
## ----------- ##

configure:1914: checking for a BSD-compatible install
configure:1982: result: /usr/bin/install -c
configure:1993: checking whether build environment is sane
configure:2036: result: yes
configure:2061: checking for a thread-safe mkdir -p
configure:2100: result: /bin/mkdir -p
configure:2113: checking for gawk
configure:2129: found /usr/bin/gawk
configure:2140: result: gawk
configure:2151: checking whether make sets $(MAKE)
configure:2173: result: yes
configure:2407: checking for gcc
configure:2423: found /usr/bin/gcc
configure:2434: result: gcc
configure:2666: checking for C compiler version
configure:2674: gcc --version >&5
gcc (GCC) 4.3.2 20081105 (Red Hat 4.3.2-7)
Copyright (C) 2008 Free Software Foundation, Inc.
This is free software; see the source for copying conditions.  There is NO
warranty; not even for MERCHANTABILITY or FITNESS FOR A PARTICULAR PURPOSE.

configure:2678: $? = 0
configure:2685: gcc -v >&5
Using built-in specs.
Target: i386-redhat-linux
Configured with: ../configure --prefix=/usr --mandir=/usr/share/man --infodir=/usr/share/info --with-bugurl=http://bugzilla.redhat.com/bugzilla --enable-bootstrap --enable-shared --enable-threads=posix --enable-checking=release --with-system-zlib --enable-__cxa_atexit --disable-libunwind-exceptions --enable-languages=c,c++,objc,obj-c++,java,fortran,ada --enable-java-awt=gtk --disable-dssi --enable-plugin --with-java-home=/usr/lib/jvm/java-1.5.0-gcj-1.5.0.0/jre --enable-libgcj-multifile --enable-java-maintainer-mode --with-ecj-jar=/usr/share/java/eclipse-ecj.jar --disable-libjava-multilib --with-cpu=generic --build=i386-redhat-linux
Thread model: posix
gcc version 4.3.2 20081105 (Red Hat 4.3.2-7) (GCC) 
configure:2689: $? = 0
configure:2696: gcc -V >&5
gcc: '-V' option must have argument
configure:2700: $? = 1
configure:2723: checking for C compiler default output file name
configure:2745: gcc    conftest.c  >&5
configure:2749: $? = 0
configure:2787: result: a.out
configure:2806: checking whether the C compiler works
configure:2816: ./a.out
configure:2820: $? = 0
configure:2839: result: yes
configure:2846: checking whether we are cross compiling
configure:2848: result: no
configure:2851: checking for suffix of executables
configure:2858: gcc -o conftest    conftest.c  >&5
configure:2862: $? = 0
configure:2888: result: 
configure:2894: checking for suffix of object files
configure:2920: gcc -c   conftest.c >&5
configure:2924: $? = 0
configure:2949: result: o
configure:2953: checking whether we are using the GNU C compiler
configure:2982: gcc -c   conftest.c >&5
configure:2989: $? = 0
configure:3006: result: yes
configure:3015: checking whether gcc accepts -g
configure:3045: gcc -c -g  conftest.c >&5
configure:3052: $? = 0
configure:3153: result: yes
configure:3170: checking for gcc option to accept ISO C89
configure:3244: gcc  -c -g -O2  conftest.c >&5
configure:3251: $? = 0
configure:3274: result: none needed
configure:3303: checking for style of include used by make
configure:3331: result: GNU
configure:3356: checking dependency style of gcc
configure:3447: result: gcc3
configure:3517: checking for pkg-config
configure:3535: found /usr/bin/pkg-config
configure:3547: result: /usr/bin/pkg-config
configure:3572: checking pkg-config is at least version 0.9.0
configure:3575: result: yes
configure:3586: checking for glib
configure:3593: $PKG_CONFIG --exists --print-errors "glib-2.0 >= 2.10"
configure:3596: $? = 0
configure:3609: $PKG_CONFIG --exists --print-errors "glib-2.0 >= 2.10"
configure:3612: $? = 0
configure:3689: result: yes
configure:3699: checking for gtk
configure:3706: $PKG_CONFIG --exists --print-errors "gtk+-2.0 >= 2.10"
configure:3709: $? = 0
configure:3722: $PKG_CONFIG --exists --print-errors "gtk+-2.0 >= 2.10"
configure:3725: $? = 0
configure:3802: result: yes
configure:3812: checking for gthread
configure:3819: $PKG_CONFIG --exists --print-errors "gthread-2.0"
configure:3822: $? = 0
configure:3835: $PKG_CONFIG --exists --print-errors "gthread-2.0"
configure:3838: $? = 0
configure:3915: result: yes
configure:3925: checking for vte
configure:3932: $PKG_CONFIG --exists --print-errors "vte >= 0.16"
configure:3935: $? = 0
configure:3948: $PKG_CONFIG --exists --print-errors "vte >= 0.16"
configure:3951: $? = 0
configure:4028: result: yes
configure:4042: checking how to run the C preprocessor
configure:4082: gcc -E  conftest.c
configure:4089: $? = 0
configure:4120: gcc -E  conftest.c
conftest.c:10:28: error: ac_nonexistent.h: No such file or directory
configure:4127: $? = 1
configure: failed program was:
| /* confdefs.h.  */
| #define PACKAGE_NAME "stjerm"
| #define PACKAGE_TARNAME "stjerm"
| #define PACKAGE_VERSION "0.11.8.20090224"
| #define PACKAGE_STRING "stjerm 0.11.8.20090224"
| #define PACKAGE_BUGREPORT ""
| #define PACKAGE "stjerm"
| #define VERSION "0.11.8.20090224"
| /* end confdefs.h.  */
| #include <ac_nonexistent.h>
configure:4160: result: gcc -E
configure:4189: gcc -E  conftest.c
configure:4196: $? = 0
configure:4227: gcc -E  conftest.c
conftest.c:10:28: error: ac_nonexistent.h: No such file or directory
configure:4234: $? = 1
configure: failed program was:
| /* confdefs.h.  */
| #define PACKAGE_NAME "stjerm"
| #define PACKAGE_TARNAME "stjerm"
| #define PACKAGE_VERSION "0.11.8.20090224"
| #define PACKAGE_STRING "stjerm 0.11.8.20090224"
| #define PACKAGE_BUGREPORT ""
| #define PACKAGE "stjerm"
| #define VERSION "0.11.8.20090224"
| /* end confdefs.h.  */
| #include <ac_nonexistent.h>
configure:4274: checking for X
configure:4389: gcc -E  conftest.c
configure:4396: $? = 0
configure:4445: gcc -o conftest -g -O2   conftest.c -lX11  >&5
configure:4452: $? = 0
configure:4514: result: libraries , headers 
configure:4518: checking for grep that handles long lines and -e
configure:4578: result: /bin/grep
configure:4583: checking for egrep
configure:4647: result: /bin/grep -E
configure:4652: checking for ANSI C header files
configure:4682: gcc -c -g -O2  conftest.c >&5
configure:4689: $? = 0
configure:4788: gcc -o conftest -g -O2   conftest.c  >&5
configure:4792: $? = 0
configure:4798: ./conftest
configure:4802: $? = 0
configure:4820: result: yes
configure:4844: checking for sys/types.h
configure:4865: gcc -c -g -O2  conftest.c >&5
configure:4872: $? = 0
configure:4889: result: yes
configure:4844: checking for sys/stat.h
configure:4865: gcc -c -g -O2  conftest.c >&5
configure:4872: $? = 0
configure:4889: result: yes
configure:4844: checking for stdlib.h
configure:4865: gcc -c -g -O2  conftest.c >&5
configure:4872: $? = 0
configure:4889: result: yes
configure:4844: checking for string.h
configure:4865: gcc -c -g -O2  conftest.c >&5
configure:4872: $? = 0
configure:4889: result: yes
configure:4844: checking for memory.h
configure:4865: gcc -c -g -O2  conftest.c >&5
configure:4872: $? = 0
configure:4889: result: yes
configure:4844: checking for strings.h
configure:4865: gcc -c -g -O2  conftest.c >&5
configure:4872: $? = 0
configure:4889: result: yes
configure:4844: checking for inttypes.h
configure:4865: gcc -c -g -O2  conftest.c >&5
configure:4872: $? = 0
configure:4889: result: yes
configure:4844: checking for stdint.h
configure:4865: gcc -c -g -O2  conftest.c >&5
configure:4872: $? = 0
configure:4889: result: yes
configure:4844: checking for unistd.h
configure:4865: gcc -c -g -O2  conftest.c >&5
configure:4872: $? = 0
configure:4889: result: yes
configure:4910: checking for stdlib.h
configure:4917: result: yes
configure:4910: checking for string.h
configure:4917: result: yes
configure:4910: checking for unistd.h
configure:4917: result: yes
configure:5053: checking for pid_t
configure:5081: gcc -c -g -O2  conftest.c >&5
configure:5088: $? = 0
configure:5115: gcc -c -g -O2  conftest.c >&5
conftest.c: In function 'main':
conftest.c:59: error: expected expression before ')' token
configure:5122: $? = 1
configure: failed program was:
| /* confdefs.h.  */
| #define PACKAGE_NAME "stjerm"
| #define PACKAGE_TARNAME "stjerm"
| #define PACKAGE_VERSION "0.11.8.20090224"
| #define PACKAGE_STRING "stjerm 0.11.8.20090224"
| #define PACKAGE_BUGREPORT ""
| #define PACKAGE "stjerm"
| #define VERSION "0.11.8.20090224"
| #define STDC_HEADERS 1
| #define HAVE_SYS_TYPES_H 1
| #define HAVE_SYS_STAT_H 1
| #define HAVE_STDLIB_H 1
| #define HAVE_STRING_H 1
| #define HAVE_MEMORY_H 1
| #define HAVE_STRINGS_H 1
| #define HAVE_INTTYPES_H 1
| #define HAVE_STDINT_H 1
| #define HAVE_UNISTD_H 1
| #define HAVE_STDLIB_H 1
| #define HAVE_STRING_H 1
| #define HAVE_UNISTD_H 1
| /* end confdefs.h.  */
| #include <stdio.h>
| #ifdef HAVE_SYS_TYPES_H
| # include <sys/types.h>
| #endif
| #ifdef HAVE_SYS_STAT_H
| # include <sys/stat.h>
| #endif
| #ifdef STDC_HEADERS
| # include <stdlib.h>
| # include <stddef.h>
| #else
| # ifdef HAVE_STDLIB_H
| #  include <stdlib.h>
| # endif
| #endif
| #ifdef HAVE_STRING_H
| # if !defined STDC_HEADERS && defined HAVE_MEMORY_H
| #  include <memory.h>
| # endif
| # include <string.h>
| #endif
| #ifdef HAVE_STRINGS_H
| # include <strings.h>
| #endif
| #ifdef HAVE_INTTYPES_H
| # include <inttypes.h>
| #endif
| #ifdef HAVE_STDINT_H
| # include <stdint.h>
| #endif
| #ifdef HAVE_UNISTD_H
| # include <unistd.h>
| #endif
| int
| main ()
| {
| if (sizeof ((pid_t)))
| 	  return 0;
|   ;
|   return 0;
| }
configure:5145: result: yes
configure:5159: checking return type of signal handlers
configure:5187: gcc -c -g -O2  conftest.c >&5
conftest.c: In function 'main':
conftest.c:29: error: void value not ignored as it ought to be
configure:5194: $? = 1
configure: failed program was:
| /* confdefs.h.  */
| #define PACKAGE_NAME "stjerm"
| #define PACKAGE_TARNAME "stjerm"
| #define PACKAGE_VERSION "0.11.8.20090224"
| #define PACKAGE_STRING "stjerm 0.11.8.20090224"
| #define PACKAGE_BUGREPORT ""
| #define PACKAGE "stjerm"
| #define VERSION "0.11.8.20090224"
| #define STDC_HEADERS 1
| #define HAVE_SYS_TYPES_H 1
| #define HAVE_SYS_STAT_H 1
| #define HAVE_STDLIB_H 1
| #define HAVE_STRING_H 1
| #define HAVE_MEMORY_H 1
| #define HAVE_STRINGS_H 1
| #define HAVE_INTTYPES_H 1
| #define HAVE_STDINT_H 1
| #define HAVE_UNISTD_H 1
| #define HAVE_STDLIB_H 1
| #define HAVE_STRING_H 1
| #define HAVE_UNISTD_H 1
| /* end confdefs.h.  */
| #include <sys/types.h>
| #include <signal.h>
| 
| int
| main ()
| {
| return *(signal (0, 0)) (0) == 1;
|   ;
|   return 0;
| }
configure:5209: result: void
configure:5217: checking whether lstat dereferences a symlink specified with a trailing slash
configure:5253: gcc -o conftest -g -O2   conftest.c  >&5
configure:5257: $? = 0
configure:5263: ./conftest
configure:5267: $? = 0
configure:5291: result: yes
configure:5310: checking whether stat accepts an empty string
configure:5340: gcc -o conftest -g -O2   conftest.c  >&5
configure:5344: $? = 0
configure:5350: ./conftest
configure:5354: $? = 0
configure:5371: result: no
configure:5506: creating ./config.status

## ---------------- ##
## Cache variables. ##
## ---------------- ##

ac_cv_c_compiler_gnu=yes
ac_cv_env_CC_set=
ac_cv_env_CC_value=
ac_cv_env_CFLAGS_set=
ac_cv_env_CFLAGS_value=
ac_cv_env_CPPFLAGS_set=
ac_cv_env_CPPFLAGS_value=
ac_cv_env_CPP_set=
ac_cv_env_CPP_value=
ac_cv_env_LDFLAGS_set=
ac_cv_env_LDFLAGS_value=
ac_cv_env_LIBS_set=
ac_cv_env_LIBS_value=
ac_cv_env_PKG_CONFIG_set=
ac_cv_env_PKG_CONFIG_value=
ac_cv_env_XMKMF_set=
ac_cv_env_XMKMF_value=
ac_cv_env_build_alias_set=
ac_cv_env_build_alias_value=
ac_cv_env_glib_CFLAGS_set=
ac_cv_env_glib_CFLAGS_value=
ac_cv_env_glib_LIBS_set=
ac_cv_env_glib_LIBS_value=
ac_cv_env_gthread_CFLAGS_set=
ac_cv_env_gthread_CFLAGS_value=
ac_cv_env_gthread_LIBS_set=
ac_cv_env_gthread_LIBS_value=
ac_cv_env_gtk_CFLAGS_set=
ac_cv_env_gtk_CFLAGS_value=
ac_cv_env_gtk_LIBS_set=
ac_cv_env_gtk_LIBS_value=
ac_cv_env_host_alias_set=
ac_cv_env_host_alias_value=
ac_cv_env_target_alias_set=
ac_cv_env_target_alias_value=
ac_cv_env_vte_CFLAGS_set=
ac_cv_env_vte_CFLAGS_value=
ac_cv_env_vte_LIBS_set=
ac_cv_env_vte_LIBS_value=
ac_cv_func_lstat_dereferences_slashed_symlink=yes
ac_cv_func_stat_empty_string_bug=no
ac_cv_have_x='have_x=yes	ac_x_includes='\'''\''	ac_x_libraries='\'''\'''
ac_cv_header_inttypes_h=yes
ac_cv_header_memory_h=yes
ac_cv_header_stdc=yes
ac_cv_header_stdint_h=yes
ac_cv_header_stdlib_h=yes
ac_cv_header_string_h=yes
ac_cv_header_strings_h=yes
ac_cv_header_sys_stat_h=yes
ac_cv_header_sys_types_h=yes
ac_cv_header_unistd_h=yes
ac_cv_objext=o
ac_cv_path_EGREP='/bin/grep -E'
ac_cv_path_GREP=/bin/grep
ac_cv_path_ac_pt_PKG_CONFIG=/usr/bin/pkg-config
ac_cv_path_install='/usr/bin/install -c'
ac_cv_path_mkdir=/bin/mkdir
ac_cv_prog_AWK=gawk
ac_cv_prog_CPP='gcc -E'
ac_cv_prog_ac_ct_CC=gcc
ac_cv_prog_cc_c89=
ac_cv_prog_cc_g=yes
ac_cv_prog_make_make_set=yes
ac_cv_type_pid_t=yes
ac_cv_type_signal=void
am_cv_CC_dependencies_compiler_type=gcc3
pkg_cv_glib_CFLAGS='-I/usr/include/glib-2.0 -I/usr/lib/glib-2.0/include  '
pkg_cv_glib_LIBS='-lglib-2.0  '
pkg_cv_gthread_CFLAGS='-pthread -I/usr/include/glib-2.0 -I/usr/lib/glib-2.0/include  '
pkg_cv_gthread_LIBS='-pthread -lgthread-2.0 -lrt -lglib-2.0  '
pkg_cv_gtk_CFLAGS='-I/usr/include/gtk-2.0 -I/usr/lib/gtk-2.0/include -I/usr/include/atk-1.0 -I/usr/include/cairo -I/usr/include/pango-1.0 -I/usr/include/glib-2.0 -I/usr/lib/glib-2.0/include -I/usr/include/pixman-1 -I/usr/include/freetype2 -I/usr/include/libpng12  '
pkg_cv_gtk_LIBS='-lgtk-x11-2.0 -lgdk-x11-2.0 -latk-1.0 -lgio-2.0 -lpangoft2-1.0 -lgdk_pixbuf-2.0 -lpangocairo-1.0 -lcairo -lpango-1.0 -lfreetype -lz -lfontconfig -lgobject-2.0 -lgmodule-2.0 -lglib-2.0  '
pkg_cv_vte_CFLAGS='-I/usr/include/freetype2 -I/usr/include/glib-2.0 -I/usr/lib/glib-2.0/include -I/usr/include/gtk-2.0 -I/usr/include/pango-1.0 -I/usr/lib/gtk-2.0/include -I/usr/include/atk-1.0 -I/usr/include/cairo -I/usr/include/pixman-1 -I/usr/include/libpng12  '
pkg_cv_vte_LIBS='-lvte -lgtk-x11-2.0 -lpangoxft-1.0 -lpangox-1.0 -lX11 -lgdk-x11-2.0 -latk-1.0 -lgio-2.0 -lgdk_pixbuf-2.0 -lpangocairo-1.0 -lcairo -lpangoft2-1.0 -lXft -lfreetype -lz -lfontconfig -lpango-1.0 -lgobject-2.0 -lgmodule-2.0 -lglib-2.0  '

## ----------------- ##
## Output variables. ##
## ----------------- ##

ACLOCAL='${SHELL} /home/thomas/stjerm/missing --run aclocal-1.10'
AMDEPBACKSLASH='\'
AMDEP_FALSE='#'
AMDEP_TRUE=''
AMTAR='${SHELL} /home/thomas/stjerm/missing --run tar'
AUTOCONF='${SHELL} /home/thomas/stjerm/missing --run autoconf'
AUTOHEADER='${SHELL} /home/thomas/stjerm/missing --run autoheader'
AUTOMAKE='${SHELL} /home/thomas/stjerm/missing --run automake-1.10'
AWK='gawk'
CC='gcc'
CCDEPMODE='depmode=gcc3'
CFLAGS='-g -O2'
CPP='gcc -E'
CPPFLAGS=''
CYGPATH_W='echo'
DEFS='-DHAVE_CONFIG_H'
DEPDIR='.deps'
ECHO_C=''
ECHO_N='-n'
ECHO_T=''
EGREP='/bin/grep -E'
EXEEXT=''
GLIB_REQUIRED=''
GREP='/bin/grep'
GTK_REQUIRED=''
INSTALL_DATA='${INSTALL} -m 644'
INSTALL_PROGRAM='${INSTALL}'
INSTALL_SCRIPT='${INSTALL}'
INSTALL_STRIP_PROGRAM='$(install_sh) -c -s'
LDFLAGS=''
LIBOBJS=''
LIBS=''
LTLIBOBJS=''
MAKEINFO='${SHELL} /home/thomas/stjerm/missing --run makeinfo'
MKDIR_P='/bin/mkdir -p'
OBJEXT='o'
PACKAGE='stjerm'
PACKAGE_BUGREPORT=''
PACKAGE_NAME='stjerm'
PACKAGE_STRING='stjerm 0.11.8.20090224'
PACKAGE_TARNAME='stjerm'
PACKAGE_VERSION='0.11.8.20090224'
PATH_SEPARATOR=':'
PKG_CONFIG='/usr/bin/pkg-config'
SET_MAKE=''
SHELL='/bin/sh'
STRIP=''
VERSION='0.11.8.20090224'
XMKMF=''
ac_ct_CC='gcc'
am__fastdepCC_FALSE='#'
am__fastdepCC_TRUE=''
am__include='include'
am__isrc=''
am__leading_dot='.'
am__quote=''
am__tar='${AMTAR} chof - "$$tardir"'
am__untar='${AMTAR} xf -'
bindir='${exec_prefix}/bin'
build_alias=''
datadir='${datarootdir}'
datarootdir='${prefix}/share'
docdir='${datarootdir}/doc/${PACKAGE_TARNAME}'
dvidir='${docdir}'
exec_prefix='${prefix}'
glib_CFLAGS='-I/usr/include/glib-2.0 -I/usr/lib/glib-2.0/include  '
glib_LIBS='-lglib-2.0  '
gthread_CFLAGS='-pthread -I/usr/include/glib-2.0 -I/usr/lib/glib-2.0/include  '
gthread_LIBS='-pthread -lgthread-2.0 -lrt -lglib-2.0  '
gtk_CFLAGS='-I/usr/include/gtk-2.0 -I/usr/lib/gtk-2.0/include -I/usr/include/atk-1.0 -I/usr/include/cairo -I/usr/include/pango-1.0 -I/usr/include/glib-2.0 -I/usr/lib/glib-2.0/include -I/usr/include/pixman-1 -I/usr/include/freetype2 -I/usr/include/libpng12  '
gtk_LIBS='-lgtk-x11-2.0 -lgdk-x11-2.0 -latk-1.0 -lgio-2.0 -lpangoft2-1.0 -lgdk_pixbuf-2.0 -lpangocairo-1.0 -lcairo -lpango-1.0 -lfreetype -lz -lfontconfig -lgobject-2.0 -lgmodule-2.0 -lglib-2.0  '
host_alias=''
htmldir='${docdir}'
includedir='${prefix}/include'
infodir='${datarootdir}/info'
install_sh='$(SHELL) /home/thomas/stjerm/install-sh'
libdir='${exec_prefix}/lib'
libexecdir='${exec_prefix}/libexec'
localedir='${datarootdir}/locale'
localstatedir='${prefix}/var'
mandir='${datarootdir}/man'
mkdir_p='/bin/mkdir -p'
oldincludedir='/usr/include'
pdfdir='${docdir}'
prefix='/usr/local'
program_transform_name='s,x,x,'
psdir='${docdir}'
sbindir='${exec_prefix}/sbin'
sharedstatedir='${prefix}/com'
sysconfdir='${prefix}/etc'
target_alias=''
vte_CFLAGS='-I/usr/include/freetype2 -I/usr/include/glib-2.0 -I/usr/lib/glib-2.0/include -I/usr/include/gtk-2.0 -I/usr/include/pango-1.0 -I/usr/lib/gtk-2.0/include -I/usr/include/atk-1.0 -I/usr/include/cairo -I/usr/include/pixman-1 -I/usr/include/libpng12  '
vte_LIBS='-lvte -lgtk-x11-2.0 -lpangoxft-1.0 -lpangox-1.0 -lX11 -lgdk-x11-2.0 -latk-1.0 -lgio-2.0 -lgdk_pixbuf-2.0 -lpangocairo-1.0 -lcairo -lpangoft2-1.0 -lXft -lfreetype -lz -lfontconfig -lpango-1.0 -lgobject-2.0 -lgmodule-2.0 -lglib-2.0  '

## ----------- ##
## confdefs.h. ##
## ----------- ##

#define PACKAGE_NAME "stjerm"
#define PACKAGE_TARNAME "stjerm"
#define PACKAGE_VERSION "0.11.8.20090224"
#define PACKAGE_STRING "stjerm 0.11.8.20090224"
#define PACKAGE_BUGREPORT ""
#define PACKAGE "stjerm"
#define VERSION "0.11.8.20090224"
#define STDC_HEADERS 1
#define HAVE_SYS_TYPES_H 1
#define HAVE_SYS_STAT_H 1
#define HAVE_STDLIB_H 1
#define HAVE_STRING_H 1
#define HAVE_MEMORY_H 1
#define HAVE_STRINGS_H 1
#define HAVE_INTTYPES_H 1
#define HAVE_STDINT_H 1
#define HAVE_UNISTD_H 1
#define HAVE_STDLIB_H 1
#define HAVE_STRING_H 1
#define HAVE_UNISTD_H 1
#define RETSIGTYPE void
#define LSTAT_FOLLOWS_SLASHED_SYMLINK 1

configure: exit 0

## ---------------------- ##
## Running config.status. ##
## ---------------------- ##

This file was extended by stjerm config.status 0.11.8.20090224, which was
generated by GNU Autoconf 2.63.  Invocation command line was

  CONFIG_FILES    = 
  CONFIG_HEADERS  = 
  CONFIG_LINKS    = 
  CONFIG_COMMANDS = 
  $ ./config.status 

on Compy

config.status:792: creating Makefile
config.status:792: creating doc/Makefile
config.status:792: creating src/Makefile
config.status:792: creating config.h
config.status:1066: executing depfiles commands
